<?xml version="1.0" encoding="UTF-8"?>
<!-- Generated by org.testng.reporters.JUnitReportReporter -->
<testsuite skipped="0" hostname="DESKTOP-P20C76C" name="org.RestAssured.TC01_Get_RestAssured" tests="1" failures="0" timestamp="20 Apr 2020 08:36:40 GMT" time="6.249" errors="0">
  <testcase name="getRequest" time="6.249" classname="org.RestAssured.TC01_Get_RestAssured"/>
</testsuite> <!-- org.RestAssured.TC01_Get_RestAssured -->
