<?xml version="1.0" encoding="UTF-8"?>
<!-- Generated by org.testng.reporters.JUnitReportReporter -->
<testsuite skipped="0" hostname="DESKTOP-P20C76C" name="org.RestAssured.TC03_Get_RestAssured_PrintAllHeaders" tests="1" failures="0" timestamp="20 Apr 2020 07:44:37 GMT" time="6.292" errors="0">
  <testcase name="printAllHeaders" time="6.292" classname="org.RestAssured.TC03_Get_RestAssured_PrintAllHeaders"/>
</testsuite> <!-- org.RestAssured.TC03_Get_RestAssured_PrintAllHeaders -->
