<?xml version="1.0" encoding="UTF-8"?>
<!-- Generated by org.testng.reporters.JUnitReportReporter -->
<testsuite skipped="0" hostname="DESKTOP-P20C76C" name="org.RestAssured.TC_06_Get_RestAssured_ValidatingHeaders" tests="1" failures="0" timestamp="20 Apr 2020 08:34:06 GMT" time="7.639" errors="0">
  <testcase name="getRequest" time="7.639" classname="org.RestAssured.TC_06_Get_RestAssured_ValidatingHeaders"/>
</testsuite> <!-- org.RestAssured.TC_06_Get_RestAssured_ValidatingHeaders -->
