<?xml version="1.0" encoding="UTF-8"?>
<!-- Generated by org.testng.reporters.JUnitReportReporter -->
<testsuite skipped="0" hostname="DESKTOP-P20C76C" name="org.RestAssured.TC_Get_RestAssured_PrintAllHeaders" tests="1" failures="0" timestamp="20 Apr 2020 07:30:53 GMT" time="6.228" errors="0">
  <testcase name="printAllHeaders" time="6.228" classname="org.RestAssured.TC_Get_RestAssured_PrintAllHeaders"/>
</testsuite> <!-- org.RestAssured.TC_Get_RestAssured_PrintAllHeaders -->
