<?xml version="1.0" encoding="UTF-8"?>
<!-- Generated by org.testng.reporters.JUnitReportReporter -->
<testsuite skipped="0" hostname="DESKTOP-P20C76C" name="org.RestAssured.TC_04_Get_RestAssured_ValidateAllHeaders" tests="1" failures="0" timestamp="20 Apr 2020 07:50:41 GMT" time="10.149" errors="0">
  <testcase name="getRequest" time="10.149" classname="org.RestAssured.TC_04_Get_RestAssured_ValidateAllHeaders"/>
</testsuite> <!-- org.RestAssured.TC_04_Get_RestAssured_ValidateAllHeaders -->
