<?xml version="1.0" encoding="UTF-8"?>
<!-- Generated by org.testng.reporters.JUnitReportReporter -->
<testsuite skipped="0" hostname="DESKTOP-P20C76C" name="org.RestAssured.TC_05_Get_RestAssured_API_Authorization" tests="1" failures="0" timestamp="20 Apr 2020 07:58:02 GMT" time="5.913" errors="0">
  <testcase name="getRequest" time="5.913" classname="org.RestAssured.TC_05_Get_RestAssured_API_Authorization"/>
</testsuite> <!-- org.RestAssured.TC_05_Get_RestAssured_API_Authorization -->
